
*** Running vivado
    with args -log DNN.vds -m64 -product Vivado -mode batch -messageDb vivado.pb -notrace -source DNN.tcl


ECHO 处于关闭状态。
ECHO 处于关闭状态。

****** Vivado v2023.2 (64-bit)
  **** SW Build 4029153 on Fri Oct 13 20:14:34 MDT 2023
  **** IP Build 4028589 on Sat Oct 14 00:45:43 MDT 2023
  **** SharedData Build 4025554 on Tue Oct 10 17:18:54 MDT 2023
    ** Copyright 1986-2022 Xilinx, Inc. All Rights Reserved.
    ** Copyright 2022-2023 Advanced Micro Devices, Inc. All Rights Reserved.

source DNN.tcl -notrace
create_project: Time (s): cpu = 00:00:07 ; elapsed = 00:00:10 . Memory (MB): peak = 492.312 ; gain = 181.602
Command: synth_design -top DNN -part xc7a200tfbg484-1
Starting synth_design
Attempting to get a license for feature 'Synthesis' and/or device 'xc7a200t'
INFO: [Common 17-349] Got license for feature 'Synthesis' and/or device 'xc7a200t'
INFO: [Device 21-403] Loading part xc7a200tfbg484-1
INFO: [Synth 8-7079] Multithreading enabled for synth_design using a maximum of 2 processes.
INFO: [Synth 8-7078] Launching helper process for spawning children vivado processes
INFO: [Synth 8-7075] Helper process launched with PID 7304
---------------------------------------------------------------------------------
Starting RTL Elaboration : Time (s): cpu = 00:00:06 ; elapsed = 00:00:09 . Memory (MB): peak = 1391.195 ; gain = 441.195
---------------------------------------------------------------------------------
INFO: [Synth 8-6157] synthesizing module 'DNN' [C:/Users/39551/Desktop/Stochastic-Computing-for-MNIST/DNN-like Structure/DNN_Stochastic/DNN_Stochastic.srcs/sources_1/new/DNN.v:3]
ERROR: [Synth 8-4556] size of variable 'output_fc' is too large to handle; the size of the variable is 45349632, the limit is 1000000 [C:/Users/39551/Desktop/Stochastic-Computing-for-MNIST/DNN-like Structure/DNN_Stochastic/DNN_Stochastic.srcs/sources_1/new/DNN.v:19]
ERROR: [Synth 8-6156] failed synthesizing module 'DNN' [C:/Users/39551/Desktop/Stochastic-Computing-for-MNIST/DNN-like Structure/DNN_Stochastic/DNN_Stochastic.srcs/sources_1/new/DNN.v:3]
---------------------------------------------------------------------------------
Finished RTL Elaboration : Time (s): cpu = 00:00:09 ; elapsed = 00:00:12 . Memory (MB): peak = 1500.008 ; gain = 550.008
---------------------------------------------------------------------------------
RTL Elaboration failed
INFO: [Common 17-83] Releasing license: Synthesis
7 Infos, 0 Warnings, 0 Critical Warnings and 3 Errors encountered.
synth_design failed
ERROR: [Common 17-69] Command failed: Synthesis failed - please see the console or run log file for details
INFO: [Common 17-206] Exiting Vivado at Sun Jun 29 20:53:16 2025...
