
*** Running vivado
    with args -log Countones_MG.vds -m64 -product Vivado -mode batch -messageDb vivado.pb -notrace -source Countones_MG.tcl


ECHO 处于关闭状态。
ECHO 处于关闭状态。

****** Vivado v2023.2 (64-bit)
  **** SW Build 4029153 on Fri Oct 13 20:14:34 MDT 2023
  **** IP Build 4028589 on Sat Oct 14 00:45:43 MDT 2023
  **** SharedData Build 4025554 on Tue Oct 10 17:18:54 MDT 2023
    ** Copyright 1986-2022 Xilinx, Inc. All Rights Reserved.
    ** Copyright 2022-2023 Advanced Micro Devices, Inc. All Rights Reserved.

source Countones_MG.tcl -notrace
create_project: Time (s): cpu = 00:00:21 ; elapsed = 00:00:45 . Memory (MB): peak = 493.891 ; gain = 182.992
Command: read_checkpoint -auto_incremental -incremental C:/Users/39551/Desktop/Stochastic_Computing/Countones_MG/Countones_MG.srcs/utils_1/imports/synth_1/Countones_MG.dcp
INFO: [Vivado 12-5825] Read reference checkpoint from C:/Users/39551/Desktop/Stochastic_Computing/Countones_MG/Countones_MG.srcs/utils_1/imports/synth_1/Countones_MG.dcp for incremental synthesis
INFO: [Vivado 12-7989] Please ensure there are no constraint changes
Command: synth_design -top Countones_MG -part xc7a200tfbg484-1
Starting synth_design
Attempting to get a license for feature 'Synthesis' and/or device 'xc7a200t'
INFO: [Common 17-349] Got license for feature 'Synthesis' and/or device 'xc7a200t'
INFO: [Designutils 20-5440] No compile time benefit to using incremental synthesis; A full resynthesis will be run
INFO: [Designutils 20-4379] Flow is switching to default flow due to incremental criteria not met. If you would like to alter this behaviour and have the flow terminate instead, please set the following parameter config_implementation {autoIncr.Synth.RejectBehavior Terminate}
INFO: [Synth 8-7079] Multithreading enabled for synth_design using a maximum of 2 processes.
INFO: [Synth 8-7078] Launching helper process for spawning children vivado processes
INFO: [Synth 8-7075] Helper process launched with PID 134232
---------------------------------------------------------------------------------
Starting Synthesize : Time (s): cpu = 00:00:14 ; elapsed = 00:00:30 . Memory (MB): peak = 943.008 ; gain = 438.590
---------------------------------------------------------------------------------
INFO: [Synth 8-6157] synthesizing module 'Countones_MG' [C:/Users/39551/Desktop/Stochastic_Computing/Countones_MG/Countones_MG.srcs/sources_1/new/Countones_MG.v:3]
INFO: [Synth 8-6155] done synthesizing module 'Countones_MG' (0#1) [C:/Users/39551/Desktop/Stochastic_Computing/Countones_MG/Countones_MG.srcs/sources_1/new/Countones_MG.v:3]
WARNING: [Synth 8-6014] Unused sequential element i_reg was removed.  [C:/Users/39551/Desktop/Stochastic_Computing/Countones_MG/Countones_MG.srcs/sources_1/new/Countones_MG.v:26]
WARNING: [Synth 8-6014] Unused sequential element a_reg was removed.  [C:/Users/39551/Desktop/Stochastic_Computing/Countones_MG/Countones_MG.srcs/sources_1/new/Countones_MG.v:30]
WARNING: [Synth 8-6014] Unused sequential element b_reg was removed.  [C:/Users/39551/Desktop/Stochastic_Computing/Countones_MG/Countones_MG.srcs/sources_1/new/Countones_MG.v:31]
WARNING: [Synth 8-6014] Unused sequential element c_reg was removed.  [C:/Users/39551/Desktop/Stochastic_Computing/Countones_MG/Countones_MG.srcs/sources_1/new/Countones_MG.v:32]
WARNING: [Synth 8-6014] Unused sequential element MG_1_reg was removed.  [C:/Users/39551/Desktop/Stochastic_Computing/Countones_MG/Countones_MG.srcs/sources_1/new/Countones_MG.v:33]
WARNING: [Synth 8-7137] Register out_reg in module Countones_MG has both Set and reset with same priority. This may cause simulation mismatches. Consider rewriting code  [C:/Users/39551/Desktop/Stochastic_Computing/Countones_MG/Countones_MG.srcs/sources_1/new/Countones_MG.v:44]
---------------------------------------------------------------------------------
Finished Synthesize : Time (s): cpu = 00:00:18 ; elapsed = 00:00:43 . Memory (MB): peak = 1081.391 ; gain = 576.973
---------------------------------------------------------------------------------
---------------------------------------------------------------------------------
Finished Constraint Validation : Time (s): cpu = 00:00:19 ; elapsed = 00:00:45 . Memory (MB): peak = 1081.391 ; gain = 576.973
---------------------------------------------------------------------------------
---------------------------------------------------------------------------------
Start Loading Part and Timing Information
---------------------------------------------------------------------------------
Loading part: xc7a200tfbg484-1
---------------------------------------------------------------------------------
Finished Loading Part and Timing Information : Time (s): cpu = 00:00:19 ; elapsed = 00:00:45 . Memory (MB): peak = 1081.391 ; gain = 576.973
---------------------------------------------------------------------------------
INFO: [Device 21-403] Loading part xc7a200tfbg484-1
---------------------------------------------------------------------------------
Finished RTL Optimization Phase 2 : Time (s): cpu = 00:00:29 ; elapsed = 00:00:56 . Memory (MB): peak = 1105.445 ; gain = 601.027
---------------------------------------------------------------------------------
No constraint files found.
---------------------------------------------------------------------------------
Start RTL Component Statistics 
---------------------------------------------------------------------------------
Detailed RTL Component Info : 
+---Adders : 
	   2 Input   32 Bit       Adders := 88    
+---Registers : 
	               32 Bit    Registers := 1     
	                1 Bit    Registers := 1     
---------------------------------------------------------------------------------
Finished RTL Component Statistics 
---------------------------------------------------------------------------------
---------------------------------------------------------------------------------
Start Part Resource Summary
---------------------------------------------------------------------------------
Part Resources:
DSPs: 740 (col length:100)
BRAMs: 730 (col length: RAMB18 100 RAMB36 50)
---------------------------------------------------------------------------------
Finished Part Resource Summary
---------------------------------------------------------------------------------
No constraint files found.
---------------------------------------------------------------------------------
Start Cross Boundary and Area Optimization
---------------------------------------------------------------------------------
WARNING: [Synth 8-7080] Parallel synthesis criteria is not met
---------------------------------------------------------------------------------
Finished Cross Boundary and Area Optimization : Time (s): cpu = 00:00:48 ; elapsed = 00:01:38 . Memory (MB): peak = 1312.363 ; gain = 807.945
---------------------------------------------------------------------------------
No constraint files found.
---------------------------------------------------------------------------------
Start Timing Optimization
---------------------------------------------------------------------------------
---------------------------------------------------------------------------------
Finished Timing Optimization : Time (s): cpu = 00:00:49 ; elapsed = 00:01:39 . Memory (MB): peak = 1312.363 ; gain = 807.945
---------------------------------------------------------------------------------
---------------------------------------------------------------------------------
Start Technology Mapping
---------------------------------------------------------------------------------
---------------------------------------------------------------------------------
Finished Technology Mapping : Time (s): cpu = 00:00:49 ; elapsed = 00:01:39 . Memory (MB): peak = 1312.363 ; gain = 807.945
---------------------------------------------------------------------------------
---------------------------------------------------------------------------------
Start IO Insertion
---------------------------------------------------------------------------------
---------------------------------------------------------------------------------
Start Flattening Before IO Insertion
---------------------------------------------------------------------------------
---------------------------------------------------------------------------------
Finished Flattening Before IO Insertion
---------------------------------------------------------------------------------
---------------------------------------------------------------------------------
Start Final Netlist Cleanup
---------------------------------------------------------------------------------
---------------------------------------------------------------------------------
Finished Final Netlist Cleanup
---------------------------------------------------------------------------------
---------------------------------------------------------------------------------
Finished IO Insertion : Time (s): cpu = 00:00:52 ; elapsed = 00:01:49 . Memory (MB): peak = 1312.363 ; gain = 807.945
---------------------------------------------------------------------------------
---------------------------------------------------------------------------------
Start Renaming Generated Instances
---------------------------------------------------------------------------------
---------------------------------------------------------------------------------
Finished Renaming Generated Instances : Time (s): cpu = 00:00:52 ; elapsed = 00:01:49 . Memory (MB): peak = 1312.363 ; gain = 807.945
---------------------------------------------------------------------------------
---------------------------------------------------------------------------------
Start Rebuilding User Hierarchy
---------------------------------------------------------------------------------
---------------------------------------------------------------------------------
Finished Rebuilding User Hierarchy : Time (s): cpu = 00:00:52 ; elapsed = 00:01:49 . Memory (MB): peak = 1312.363 ; gain = 807.945
---------------------------------------------------------------------------------
---------------------------------------------------------------------------------
Start Renaming Generated Ports
---------------------------------------------------------------------------------
---------------------------------------------------------------------------------
Finished Renaming Generated Ports : Time (s): cpu = 00:00:52 ; elapsed = 00:01:49 . Memory (MB): peak = 1312.363 ; gain = 807.945
---------------------------------------------------------------------------------
---------------------------------------------------------------------------------
Start Handling Custom Attributes
---------------------------------------------------------------------------------
---------------------------------------------------------------------------------
Finished Handling Custom Attributes : Time (s): cpu = 00:00:52 ; elapsed = 00:01:49 . Memory (MB): peak = 1312.363 ; gain = 807.945
---------------------------------------------------------------------------------
---------------------------------------------------------------------------------
Start Renaming Generated Nets
---------------------------------------------------------------------------------
---------------------------------------------------------------------------------
Finished Renaming Generated Nets : Time (s): cpu = 00:00:52 ; elapsed = 00:01:49 . Memory (MB): peak = 1312.363 ; gain = 807.945
---------------------------------------------------------------------------------
---------------------------------------------------------------------------------
Start Writing Synthesis Report
---------------------------------------------------------------------------------

Report BlackBoxes: 
+-+--------------+----------+
| |BlackBox name |Instances |
+-+--------------+----------+
+-+--------------+----------+

Report Cell Usage: 
+------+-------+------+
|      |Cell   |Count |
+------+-------+------+
|1     |BUFG   |     1|
|2     |CARRY4 |   708|
|3     |LUT1   |     1|
|4     |LUT2   |    31|
|5     |LUT3   |     1|
|6     |LUT5   |    87|
|7     |LUT6   |   260|
|8     |FDCE   |    32|
|9     |FDRE   |     1|
|10    |IBUF   |   786|
|11    |OBUF   |     1|
+------+-------+------+

Report Instance Areas: 
+------+---------+-------+------+
|      |Instance |Module |Cells |
+------+---------+-------+------+
|1     |top      |       |  1909|
+------+---------+-------+------+
---------------------------------------------------------------------------------
Finished Writing Synthesis Report : Time (s): cpu = 00:00:52 ; elapsed = 00:01:49 . Memory (MB): peak = 1312.363 ; gain = 807.945
---------------------------------------------------------------------------------
Synthesis finished with 0 errors, 0 critical warnings and 7 warnings.
Synthesis Optimization Runtime : Time (s): cpu = 00:00:52 ; elapsed = 00:01:49 . Memory (MB): peak = 1312.363 ; gain = 807.945
Synthesis Optimization Complete : Time (s): cpu = 00:00:52 ; elapsed = 00:01:49 . Memory (MB): peak = 1312.363 ; gain = 807.945
INFO: [Project 1-571] Translating synthesized netlist
Netlist sorting complete. Time (s): cpu = 00:00:00 ; elapsed = 00:00:00.045 . Memory (MB): peak = 1322.008 ; gain = 0.000
INFO: [Netlist 29-17] Analyzing 708 Unisim elements for replacement
INFO: [Netlist 29-28] Unisim Transformation completed in 0 CPU seconds
WARNING: [Netlist 29-101] Netlist 'Countones_MG' is not ideal for floorplanning, since the cellview 'Countones_MG' contains a large number of primitives.  Please consider enabling hierarchy in synthesis if you want to do floorplanning.
INFO: [Project 1-570] Preparing netlist for logic optimization
INFO: [Opt 31-138] Pushed 0 inverter(s) to 0 load pin(s).
Netlist sorting complete. Time (s): cpu = 00:00:00 ; elapsed = 00:00:00.001 . Memory (MB): peak = 1411.008 ; gain = 0.000
INFO: [Project 1-111] Unisim Transformation Summary:
No Unisim elements were transformed.

系统找不到指定的路径。
Synth Design complete | Checksum: aafa1b26
INFO: [Common 17-83] Releasing license: Synthesis
18 Infos, 8 Warnings, 0 Critical Warnings and 0 Errors encountered.
synth_design completed successfully
synth_design: Time (s): cpu = 00:00:54 ; elapsed = 00:01:55 . Memory (MB): peak = 1411.008 ; gain = 914.129
Write ShapeDB Complete: Time (s): cpu = 00:00:00 ; elapsed = 00:00:00.020 . Memory (MB): peak = 1411.008 ; gain = 0.000
INFO: [Common 17-1381] The checkpoint 'C:/Users/39551/Desktop/Stochastic_Computing/Countones_MG/Countones_MG.runs/synth_1/Countones_MG.dcp' has been generated.
INFO: [runtcl-4] Executing : report_utilization -file Countones_MG_utilization_synth.rpt -pb Countones_MG_utilization_synth.pb
INFO: [Common 17-206] Exiting Vivado at Thu Dec  5 12:23:05 2024...
