
*** Running vivado
    with args -log sobol_random.vds -m64 -product Vivado -mode batch -messageDb vivado.pb -notrace -source sobol_random.tcl


ECHO 处于关闭状态。
ECHO 处于关闭状态。

****** Vivado v2023.2 (64-bit)
  **** SW Build 4029153 on Fri Oct 13 20:14:34 MDT 2023
  **** IP Build 4028589 on Sat Oct 14 00:45:43 MDT 2023
  **** SharedData Build 4025554 on Tue Oct 10 17:18:54 MDT 2023
    ** Copyright 1986-2022 Xilinx, Inc. All Rights Reserved.
    ** Copyright 2022-2023 Advanced Micro Devices, Inc. All Rights Reserved.

source sobol_random.tcl -notrace
create_project: Time (s): cpu = 00:00:06 ; elapsed = 00:00:20 . Memory (MB): peak = 494.453 ; gain = 181.117
Command: synth_design -top sobol_random -part xc7vx485tffg1157-1
Starting synth_design
Attempting to get a license for feature 'Synthesis' and/or device 'xc7vx485t'
INFO: [Common 17-349] Got license for feature 'Synthesis' and/or device 'xc7vx485t'
INFO: [Synth 8-7079] Multithreading enabled for synth_design using a maximum of 2 processes.
INFO: [Synth 8-7078] Launching helper process for spawning children vivado processes
INFO: [Synth 8-7075] Helper process launched with PID 48880
---------------------------------------------------------------------------------
Starting Synthesize : Time (s): cpu = 00:00:06 ; elapsed = 00:00:20 . Memory (MB): peak = 940.113 ; gain = 443.672
---------------------------------------------------------------------------------
INFO: [Synth 8-6157] synthesizing module 'sobol_random' [C:/Users/39551/Desktop/Stochastic_Computing/SOBOL/SOBOL.srcs/sources_1/new/SOBOL.v:1]
WARNING: [Synth 8-6090] variable 'sobol_index' is written by both blocking and non-blocking assignments, entire logic could be removed [C:/Users/39551/Desktop/Stochastic_Computing/SOBOL/SOBOL.srcs/sources_1/new/SOBOL.v:99]
INFO: [Synth 8-6155] done synthesizing module 'sobol_random' (0#1) [C:/Users/39551/Desktop/Stochastic_Computing/SOBOL/SOBOL.srcs/sources_1/new/SOBOL.v:1]
WARNING: [Synth 8-6014] Unused sequential element column_reg was removed.  [C:/Users/39551/Desktop/Stochastic_Computing/SOBOL/SOBOL.srcs/sources_1/new/SOBOL.v:78]
WARNING: [Synth 8-6014] Unused sequential element sample_reg was removed.  [C:/Users/39551/Desktop/Stochastic_Computing/SOBOL/SOBOL.srcs/sources_1/new/SOBOL.v:79]
WARNING: [Synth 8-6014] Unused sequential element gray_index_reg was removed.  [C:/Users/39551/Desktop/Stochastic_Computing/SOBOL/SOBOL.srcs/sources_1/new/SOBOL.v:80]
WARNING: [Synth 8-6014] Unused sequential element tz_reg was removed.  [C:/Users/39551/Desktop/Stochastic_Computing/SOBOL/SOBOL.srcs/sources_1/new/SOBOL.v:91]
---------------------------------------------------------------------------------
Finished Synthesize : Time (s): cpu = 00:00:08 ; elapsed = 00:00:27 . Memory (MB): peak = 1055.008 ; gain = 558.566
---------------------------------------------------------------------------------
---------------------------------------------------------------------------------
Finished Constraint Validation : Time (s): cpu = 00:00:08 ; elapsed = 00:00:29 . Memory (MB): peak = 1055.008 ; gain = 558.566
---------------------------------------------------------------------------------
---------------------------------------------------------------------------------
Start Loading Part and Timing Information
---------------------------------------------------------------------------------
Loading part: xc7vx485tffg1157-1
---------------------------------------------------------------------------------
Finished Loading Part and Timing Information : Time (s): cpu = 00:00:08 ; elapsed = 00:00:29 . Memory (MB): peak = 1055.008 ; gain = 558.566
---------------------------------------------------------------------------------
INFO: [Device 21-403] Loading part xc7vx485tffg1157-1
---------------------------------------------------------------------------------
Finished RTL Optimization Phase 2 : Time (s): cpu = 00:00:09 ; elapsed = 00:00:30 . Memory (MB): peak = 1055.008 ; gain = 558.566
---------------------------------------------------------------------------------
No constraint files found.
---------------------------------------------------------------------------------
Start RTL Component Statistics 
---------------------------------------------------------------------------------
Detailed RTL Component Info : 
+---Adders : 
	   2 Input   32 Bit       Adders := 2     
	   2 Input    8 Bit       Adders := 1     
+---XORs : 
	   2 Input     32 Bit         XORs := 2     
+---Registers : 
	              128 Bit    Registers := 2     
	               32 Bit    Registers := 2     
+---Muxes : 
	   2 Input  128 Bit        Muxes := 4     
	   2 Input   32 Bit        Muxes := 66    
	   2 Input    8 Bit        Muxes := 1     
	   2 Input    1 Bit        Muxes := 4     
---------------------------------------------------------------------------------
Finished RTL Component Statistics 
---------------------------------------------------------------------------------
---------------------------------------------------------------------------------
Start Part Resource Summary
---------------------------------------------------------------------------------
Part Resources:
DSPs: 2800 (col length:140)
BRAMs: 2060 (col length: RAMB18 140 RAMB36 70)
---------------------------------------------------------------------------------
Finished Part Resource Summary
---------------------------------------------------------------------------------
No constraint files found.
---------------------------------------------------------------------------------
Start Cross Boundary and Area Optimization
---------------------------------------------------------------------------------
WARNING: [Synth 8-7080] Parallel synthesis criteria is not met
---------------------------------------------------------------------------------
Finished Cross Boundary and Area Optimization : Time (s): cpu = 00:00:20 ; elapsed = 00:01:16 . Memory (MB): peak = 1423.105 ; gain = 926.664
---------------------------------------------------------------------------------
No constraint files found.
---------------------------------------------------------------------------------
Start Timing Optimization
---------------------------------------------------------------------------------
---------------------------------------------------------------------------------
Finished Timing Optimization : Time (s): cpu = 00:00:20 ; elapsed = 00:01:16 . Memory (MB): peak = 1423.105 ; gain = 926.664
---------------------------------------------------------------------------------
---------------------------------------------------------------------------------
Start Technology Mapping
---------------------------------------------------------------------------------
---------------------------------------------------------------------------------
Finished Technology Mapping : Time (s): cpu = 00:00:20 ; elapsed = 00:01:17 . Memory (MB): peak = 1423.105 ; gain = 926.664
---------------------------------------------------------------------------------
---------------------------------------------------------------------------------
Start IO Insertion
---------------------------------------------------------------------------------
---------------------------------------------------------------------------------
Start Flattening Before IO Insertion
---------------------------------------------------------------------------------
---------------------------------------------------------------------------------
Finished Flattening Before IO Insertion
---------------------------------------------------------------------------------
---------------------------------------------------------------------------------
Start Final Netlist Cleanup
---------------------------------------------------------------------------------
---------------------------------------------------------------------------------
Finished Final Netlist Cleanup
---------------------------------------------------------------------------------
---------------------------------------------------------------------------------
Finished IO Insertion : Time (s): cpu = 00:00:24 ; elapsed = 00:01:30 . Memory (MB): peak = 1423.105 ; gain = 926.664
---------------------------------------------------------------------------------
---------------------------------------------------------------------------------
Start Renaming Generated Instances
---------------------------------------------------------------------------------
---------------------------------------------------------------------------------
Finished Renaming Generated Instances : Time (s): cpu = 00:00:24 ; elapsed = 00:01:30 . Memory (MB): peak = 1423.105 ; gain = 926.664
---------------------------------------------------------------------------------
---------------------------------------------------------------------------------
Start Rebuilding User Hierarchy
---------------------------------------------------------------------------------
---------------------------------------------------------------------------------
Finished Rebuilding User Hierarchy : Time (s): cpu = 00:00:24 ; elapsed = 00:01:30 . Memory (MB): peak = 1423.105 ; gain = 926.664
---------------------------------------------------------------------------------
---------------------------------------------------------------------------------
Start Renaming Generated Ports
---------------------------------------------------------------------------------
---------------------------------------------------------------------------------
Finished Renaming Generated Ports : Time (s): cpu = 00:00:24 ; elapsed = 00:01:30 . Memory (MB): peak = 1423.105 ; gain = 926.664
---------------------------------------------------------------------------------
---------------------------------------------------------------------------------
Start Handling Custom Attributes
---------------------------------------------------------------------------------
---------------------------------------------------------------------------------
Finished Handling Custom Attributes : Time (s): cpu = 00:00:24 ; elapsed = 00:01:30 . Memory (MB): peak = 1423.105 ; gain = 926.664
---------------------------------------------------------------------------------
---------------------------------------------------------------------------------
Start Renaming Generated Nets
---------------------------------------------------------------------------------
---------------------------------------------------------------------------------
Finished Renaming Generated Nets : Time (s): cpu = 00:00:24 ; elapsed = 00:01:30 . Memory (MB): peak = 1423.105 ; gain = 926.664
---------------------------------------------------------------------------------
---------------------------------------------------------------------------------
Start Writing Synthesis Report
---------------------------------------------------------------------------------

Report BlackBoxes: 
+-+--------------+----------+
| |BlackBox name |Instances |
+-+--------------+----------+
+-+--------------+----------+

Report Cell Usage: 
+------+-------+------+
|      |Cell   |Count |
+------+-------+------+
|1     |BUFG   |     1|
|2     |CARRY4 |    12|
|3     |LUT1   |     2|
|4     |LUT2   |     3|
|5     |LUT3   |   133|
|6     |LUT4   |     5|
|7     |LUT5   |    30|
|8     |LUT6   |     2|
|9     |FDCE   |   289|
|10    |FDPE   |     6|
|11    |IBUF   |    35|
|12    |OBUF   |   128|
+------+-------+------+

Report Instance Areas: 
+------+---------+-------+------+
|      |Instance |Module |Cells |
+------+---------+-------+------+
|1     |top      |       |   646|
+------+---------+-------+------+
---------------------------------------------------------------------------------
Finished Writing Synthesis Report : Time (s): cpu = 00:00:24 ; elapsed = 00:01:30 . Memory (MB): peak = 1423.105 ; gain = 926.664
---------------------------------------------------------------------------------
Synthesis finished with 0 errors, 0 critical warnings and 6 warnings.
Synthesis Optimization Runtime : Time (s): cpu = 00:00:24 ; elapsed = 00:01:30 . Memory (MB): peak = 1423.105 ; gain = 926.664
Synthesis Optimization Complete : Time (s): cpu = 00:00:24 ; elapsed = 00:01:30 . Memory (MB): peak = 1423.105 ; gain = 926.664
INFO: [Project 1-571] Translating synthesized netlist
Netlist sorting complete. Time (s): cpu = 00:00:00 ; elapsed = 00:00:00.014 . Memory (MB): peak = 1433.430 ; gain = 0.000
INFO: [Netlist 29-17] Analyzing 12 Unisim elements for replacement
INFO: [Netlist 29-28] Unisim Transformation completed in 0 CPU seconds
INFO: [Project 1-570] Preparing netlist for logic optimization
INFO: [Opt 31-138] Pushed 0 inverter(s) to 0 load pin(s).
Netlist sorting complete. Time (s): cpu = 00:00:00 ; elapsed = 00:00:00.001 . Memory (MB): peak = 1537.238 ; gain = 0.000
INFO: [Project 1-111] Unisim Transformation Summary:
No Unisim elements were transformed.

系统找不到指定的路径。
Synth Design complete | Checksum: 59268ce6
INFO: [Common 17-83] Releasing license: Synthesis
14 Infos, 6 Warnings, 0 Critical Warnings and 0 Errors encountered.
synth_design completed successfully
synth_design: Time (s): cpu = 00:00:28 ; elapsed = 00:01:42 . Memory (MB): peak = 1537.238 ; gain = 1042.785
Write ShapeDB Complete: Time (s): cpu = 00:00:00 ; elapsed = 00:00:00.012 . Memory (MB): peak = 1537.238 ; gain = 0.000
INFO: [Common 17-1381] The checkpoint 'C:/Users/39551/Desktop/Stochastic_Computing/SOBOL/SOBOL.runs/synth_1/sobol_random.dcp' has been generated.
INFO: [runtcl-4] Executing : report_utilization -file sobol_random_utilization_synth.rpt -pb sobol_random_utilization_synth.pb
INFO: [Common 17-206] Exiting Vivado at Thu Nov 21 01:10:13 2024...
