
*** Running vivado
    with args -log Quicksort.vds -m64 -product Vivado -mode batch -messageDb vivado.pb -notrace -source Quicksort.tcl


ECHO 处于关闭状态。
ECHO 处于关闭状态。

****** Vivado v2023.2 (64-bit)
  **** SW Build 4029153 on Fri Oct 13 20:14:34 MDT 2023
  **** IP Build 4028589 on Sat Oct 14 00:45:43 MDT 2023
  **** SharedData Build 4025554 on Tue Oct 10 17:18:54 MDT 2023
    ** Copyright 1986-2022 Xilinx, Inc. All Rights Reserved.
    ** Copyright 2022-2023 Advanced Micro Devices, Inc. All Rights Reserved.

source Quicksort.tcl -notrace
create_project: Time (s): cpu = 00:00:03 ; elapsed = 00:00:06 . Memory (MB): peak = 491.922 ; gain = 179.832
Command: synth_design -top Quicksort -part xc7vx485tffg1157-1
Starting synth_design
Attempting to get a license for feature 'Synthesis' and/or device 'xc7vx485t'
INFO: [Common 17-349] Got license for feature 'Synthesis' and/or device 'xc7vx485t'
INFO: [Synth 8-7079] Multithreading enabled for synth_design using a maximum of 2 processes.
INFO: [Synth 8-7078] Launching helper process for spawning children vivado processes
INFO: [Synth 8-7075] Helper process launched with PID 39012
---------------------------------------------------------------------------------
Starting Synthesize : Time (s): cpu = 00:00:04 ; elapsed = 00:00:06 . Memory (MB): peak = 940.906 ; gain = 446.031
---------------------------------------------------------------------------------
INFO: [Synth 8-6157] synthesizing module 'Quicksort' [C:/Users/39551/Desktop/Stochastic_Computing/Quicksort/Quicksort.srcs/sources_1/new/Quicksort.v:3]
WARNING: [Synth 8-324] index -1 out of range [C:/Users/39551/Desktop/Stochastic_Computing/Quicksort/Quicksort.srcs/sources_1/new/Quicksort.v:25]
WARNING: [Synth 8-324] index -2 out of range [C:/Users/39551/Desktop/Stochastic_Computing/Quicksort/Quicksort.srcs/sources_1/new/Quicksort.v:25]
WARNING: [Synth 8-324] index -3 out of range [C:/Users/39551/Desktop/Stochastic_Computing/Quicksort/Quicksort.srcs/sources_1/new/Quicksort.v:25]
WARNING: [Synth 8-324] index -4 out of range [C:/Users/39551/Desktop/Stochastic_Computing/Quicksort/Quicksort.srcs/sources_1/new/Quicksort.v:25]
WARNING: [Synth 8-324] index -5 out of range [C:/Users/39551/Desktop/Stochastic_Computing/Quicksort/Quicksort.srcs/sources_1/new/Quicksort.v:25]
WARNING: [Synth 8-324] index -6 out of range [C:/Users/39551/Desktop/Stochastic_Computing/Quicksort/Quicksort.srcs/sources_1/new/Quicksort.v:25]
WARNING: [Synth 8-324] index -7 out of range [C:/Users/39551/Desktop/Stochastic_Computing/Quicksort/Quicksort.srcs/sources_1/new/Quicksort.v:25]
WARNING: [Synth 8-324] index -8 out of range [C:/Users/39551/Desktop/Stochastic_Computing/Quicksort/Quicksort.srcs/sources_1/new/Quicksort.v:25]
WARNING: [Synth 8-324] index -9 out of range [C:/Users/39551/Desktop/Stochastic_Computing/Quicksort/Quicksort.srcs/sources_1/new/Quicksort.v:25]
WARNING: [Synth 8-324] index -10 out of range [C:/Users/39551/Desktop/Stochastic_Computing/Quicksort/Quicksort.srcs/sources_1/new/Quicksort.v:25]
WARNING: [Synth 8-324] index -11 out of range [C:/Users/39551/Desktop/Stochastic_Computing/Quicksort/Quicksort.srcs/sources_1/new/Quicksort.v:25]
WARNING: [Synth 8-324] index -12 out of range [C:/Users/39551/Desktop/Stochastic_Computing/Quicksort/Quicksort.srcs/sources_1/new/Quicksort.v:25]
WARNING: [Synth 8-324] index -13 out of range [C:/Users/39551/Desktop/Stochastic_Computing/Quicksort/Quicksort.srcs/sources_1/new/Quicksort.v:25]
WARNING: [Synth 8-324] index -14 out of range [C:/Users/39551/Desktop/Stochastic_Computing/Quicksort/Quicksort.srcs/sources_1/new/Quicksort.v:25]
WARNING: [Synth 8-324] index -15 out of range [C:/Users/39551/Desktop/Stochastic_Computing/Quicksort/Quicksort.srcs/sources_1/new/Quicksort.v:25]
WARNING: [Synth 8-324] index -16 out of range [C:/Users/39551/Desktop/Stochastic_Computing/Quicksort/Quicksort.srcs/sources_1/new/Quicksort.v:25]
WARNING: [Synth 8-324] index -17 out of range [C:/Users/39551/Desktop/Stochastic_Computing/Quicksort/Quicksort.srcs/sources_1/new/Quicksort.v:25]
WARNING: [Synth 8-324] index -18 out of range [C:/Users/39551/Desktop/Stochastic_Computing/Quicksort/Quicksort.srcs/sources_1/new/Quicksort.v:25]
WARNING: [Synth 8-324] index -19 out of range [C:/Users/39551/Desktop/Stochastic_Computing/Quicksort/Quicksort.srcs/sources_1/new/Quicksort.v:25]
WARNING: [Synth 8-324] index -20 out of range [C:/Users/39551/Desktop/Stochastic_Computing/Quicksort/Quicksort.srcs/sources_1/new/Quicksort.v:25]
WARNING: [Synth 8-324] index -21 out of range [C:/Users/39551/Desktop/Stochastic_Computing/Quicksort/Quicksort.srcs/sources_1/new/Quicksort.v:25]
WARNING: [Synth 8-324] index -22 out of range [C:/Users/39551/Desktop/Stochastic_Computing/Quicksort/Quicksort.srcs/sources_1/new/Quicksort.v:25]
WARNING: [Synth 8-324] index -23 out of range [C:/Users/39551/Desktop/Stochastic_Computing/Quicksort/Quicksort.srcs/sources_1/new/Quicksort.v:25]
WARNING: [Synth 8-324] index -24 out of range [C:/Users/39551/Desktop/Stochastic_Computing/Quicksort/Quicksort.srcs/sources_1/new/Quicksort.v:25]
WARNING: [Synth 8-324] index -25 out of range [C:/Users/39551/Desktop/Stochastic_Computing/Quicksort/Quicksort.srcs/sources_1/new/Quicksort.v:25]
WARNING: [Synth 8-324] index -26 out of range [C:/Users/39551/Desktop/Stochastic_Computing/Quicksort/Quicksort.srcs/sources_1/new/Quicksort.v:25]
WARNING: [Synth 8-324] index -27 out of range [C:/Users/39551/Desktop/Stochastic_Computing/Quicksort/Quicksort.srcs/sources_1/new/Quicksort.v:25]
WARNING: [Synth 8-324] index -28 out of range [C:/Users/39551/Desktop/Stochastic_Computing/Quicksort/Quicksort.srcs/sources_1/new/Quicksort.v:25]
WARNING: [Synth 8-324] index -29 out of range [C:/Users/39551/Desktop/Stochastic_Computing/Quicksort/Quicksort.srcs/sources_1/new/Quicksort.v:25]
WARNING: [Synth 8-324] index -30 out of range [C:/Users/39551/Desktop/Stochastic_Computing/Quicksort/Quicksort.srcs/sources_1/new/Quicksort.v:25]
WARNING: [Synth 8-324] index -31 out of range [C:/Users/39551/Desktop/Stochastic_Computing/Quicksort/Quicksort.srcs/sources_1/new/Quicksort.v:25]
WARNING: [Synth 8-324] index -32 out of range [C:/Users/39551/Desktop/Stochastic_Computing/Quicksort/Quicksort.srcs/sources_1/new/Quicksort.v:25]
WARNING: [Synth 8-324] index -33 out of range [C:/Users/39551/Desktop/Stochastic_Computing/Quicksort/Quicksort.srcs/sources_1/new/Quicksort.v:25]
WARNING: [Synth 8-324] index -34 out of range [C:/Users/39551/Desktop/Stochastic_Computing/Quicksort/Quicksort.srcs/sources_1/new/Quicksort.v:25]
WARNING: [Synth 8-324] index -35 out of range [C:/Users/39551/Desktop/Stochastic_Computing/Quicksort/Quicksort.srcs/sources_1/new/Quicksort.v:25]
WARNING: [Synth 8-324] index -36 out of range [C:/Users/39551/Desktop/Stochastic_Computing/Quicksort/Quicksort.srcs/sources_1/new/Quicksort.v:25]
WARNING: [Synth 8-324] index -37 out of range [C:/Users/39551/Desktop/Stochastic_Computing/Quicksort/Quicksort.srcs/sources_1/new/Quicksort.v:25]
WARNING: [Synth 8-324] index -38 out of range [C:/Users/39551/Desktop/Stochastic_Computing/Quicksort/Quicksort.srcs/sources_1/new/Quicksort.v:25]
WARNING: [Synth 8-324] index -39 out of range [C:/Users/39551/Desktop/Stochastic_Computing/Quicksort/Quicksort.srcs/sources_1/new/Quicksort.v:25]
WARNING: [Synth 8-324] index -40 out of range [C:/Users/39551/Desktop/Stochastic_Computing/Quicksort/Quicksort.srcs/sources_1/new/Quicksort.v:25]
WARNING: [Synth 8-324] index -41 out of range [C:/Users/39551/Desktop/Stochastic_Computing/Quicksort/Quicksort.srcs/sources_1/new/Quicksort.v:25]
WARNING: [Synth 8-324] index -42 out of range [C:/Users/39551/Desktop/Stochastic_Computing/Quicksort/Quicksort.srcs/sources_1/new/Quicksort.v:25]
WARNING: [Synth 8-324] index -43 out of range [C:/Users/39551/Desktop/Stochastic_Computing/Quicksort/Quicksort.srcs/sources_1/new/Quicksort.v:25]
WARNING: [Synth 8-324] index -44 out of range [C:/Users/39551/Desktop/Stochastic_Computing/Quicksort/Quicksort.srcs/sources_1/new/Quicksort.v:25]
WARNING: [Synth 8-324] index -45 out of range [C:/Users/39551/Desktop/Stochastic_Computing/Quicksort/Quicksort.srcs/sources_1/new/Quicksort.v:25]
WARNING: [Synth 8-324] index -46 out of range [C:/Users/39551/Desktop/Stochastic_Computing/Quicksort/Quicksort.srcs/sources_1/new/Quicksort.v:25]
WARNING: [Synth 8-324] index -47 out of range [C:/Users/39551/Desktop/Stochastic_Computing/Quicksort/Quicksort.srcs/sources_1/new/Quicksort.v:25]
WARNING: [Synth 8-324] index -48 out of range [C:/Users/39551/Desktop/Stochastic_Computing/Quicksort/Quicksort.srcs/sources_1/new/Quicksort.v:25]
WARNING: [Synth 8-324] index -49 out of range [C:/Users/39551/Desktop/Stochastic_Computing/Quicksort/Quicksort.srcs/sources_1/new/Quicksort.v:25]
WARNING: [Synth 8-324] index -50 out of range [C:/Users/39551/Desktop/Stochastic_Computing/Quicksort/Quicksort.srcs/sources_1/new/Quicksort.v:25]
WARNING: [Synth 8-324] index -51 out of range [C:/Users/39551/Desktop/Stochastic_Computing/Quicksort/Quicksort.srcs/sources_1/new/Quicksort.v:25]
WARNING: [Synth 8-324] index -52 out of range [C:/Users/39551/Desktop/Stochastic_Computing/Quicksort/Quicksort.srcs/sources_1/new/Quicksort.v:25]
WARNING: [Synth 8-324] index -53 out of range [C:/Users/39551/Desktop/Stochastic_Computing/Quicksort/Quicksort.srcs/sources_1/new/Quicksort.v:25]
WARNING: [Synth 8-324] index -54 out of range [C:/Users/39551/Desktop/Stochastic_Computing/Quicksort/Quicksort.srcs/sources_1/new/Quicksort.v:25]
WARNING: [Synth 8-324] index -55 out of range [C:/Users/39551/Desktop/Stochastic_Computing/Quicksort/Quicksort.srcs/sources_1/new/Quicksort.v:25]
WARNING: [Synth 8-324] index -56 out of range [C:/Users/39551/Desktop/Stochastic_Computing/Quicksort/Quicksort.srcs/sources_1/new/Quicksort.v:25]
WARNING: [Synth 8-324] index -57 out of range [C:/Users/39551/Desktop/Stochastic_Computing/Quicksort/Quicksort.srcs/sources_1/new/Quicksort.v:25]
WARNING: [Synth 8-324] index -58 out of range [C:/Users/39551/Desktop/Stochastic_Computing/Quicksort/Quicksort.srcs/sources_1/new/Quicksort.v:25]
WARNING: [Synth 8-324] index -59 out of range [C:/Users/39551/Desktop/Stochastic_Computing/Quicksort/Quicksort.srcs/sources_1/new/Quicksort.v:25]
WARNING: [Synth 8-324] index -60 out of range [C:/Users/39551/Desktop/Stochastic_Computing/Quicksort/Quicksort.srcs/sources_1/new/Quicksort.v:25]
WARNING: [Synth 8-324] index -61 out of range [C:/Users/39551/Desktop/Stochastic_Computing/Quicksort/Quicksort.srcs/sources_1/new/Quicksort.v:25]
WARNING: [Synth 8-324] index -62 out of range [C:/Users/39551/Desktop/Stochastic_Computing/Quicksort/Quicksort.srcs/sources_1/new/Quicksort.v:25]
WARNING: [Synth 8-324] index -63 out of range [C:/Users/39551/Desktop/Stochastic_Computing/Quicksort/Quicksort.srcs/sources_1/new/Quicksort.v:25]
WARNING: [Synth 8-324] index -64 out of range [C:/Users/39551/Desktop/Stochastic_Computing/Quicksort/Quicksort.srcs/sources_1/new/Quicksort.v:25]
WARNING: [Synth 8-324] index -65 out of range [C:/Users/39551/Desktop/Stochastic_Computing/Quicksort/Quicksort.srcs/sources_1/new/Quicksort.v:25]
WARNING: [Synth 8-324] index -66 out of range [C:/Users/39551/Desktop/Stochastic_Computing/Quicksort/Quicksort.srcs/sources_1/new/Quicksort.v:25]
WARNING: [Synth 8-324] index -67 out of range [C:/Users/39551/Desktop/Stochastic_Computing/Quicksort/Quicksort.srcs/sources_1/new/Quicksort.v:25]
WARNING: [Synth 8-324] index -68 out of range [C:/Users/39551/Desktop/Stochastic_Computing/Quicksort/Quicksort.srcs/sources_1/new/Quicksort.v:25]
WARNING: [Synth 8-324] index -69 out of range [C:/Users/39551/Desktop/Stochastic_Computing/Quicksort/Quicksort.srcs/sources_1/new/Quicksort.v:25]
WARNING: [Synth 8-324] index -70 out of range [C:/Users/39551/Desktop/Stochastic_Computing/Quicksort/Quicksort.srcs/sources_1/new/Quicksort.v:25]
WARNING: [Synth 8-324] index -71 out of range [C:/Users/39551/Desktop/Stochastic_Computing/Quicksort/Quicksort.srcs/sources_1/new/Quicksort.v:25]
WARNING: [Synth 8-324] index -72 out of range [C:/Users/39551/Desktop/Stochastic_Computing/Quicksort/Quicksort.srcs/sources_1/new/Quicksort.v:25]
WARNING: [Synth 8-324] index -73 out of range [C:/Users/39551/Desktop/Stochastic_Computing/Quicksort/Quicksort.srcs/sources_1/new/Quicksort.v:25]
WARNING: [Synth 8-324] index -74 out of range [C:/Users/39551/Desktop/Stochastic_Computing/Quicksort/Quicksort.srcs/sources_1/new/Quicksort.v:25]
WARNING: [Synth 8-324] index -75 out of range [C:/Users/39551/Desktop/Stochastic_Computing/Quicksort/Quicksort.srcs/sources_1/new/Quicksort.v:25]
WARNING: [Synth 8-324] index -76 out of range [C:/Users/39551/Desktop/Stochastic_Computing/Quicksort/Quicksort.srcs/sources_1/new/Quicksort.v:25]
WARNING: [Synth 8-324] index -77 out of range [C:/Users/39551/Desktop/Stochastic_Computing/Quicksort/Quicksort.srcs/sources_1/new/Quicksort.v:25]
WARNING: [Synth 8-324] index -78 out of range [C:/Users/39551/Desktop/Stochastic_Computing/Quicksort/Quicksort.srcs/sources_1/new/Quicksort.v:25]
WARNING: [Synth 8-324] index -79 out of range [C:/Users/39551/Desktop/Stochastic_Computing/Quicksort/Quicksort.srcs/sources_1/new/Quicksort.v:25]
WARNING: [Synth 8-324] index -80 out of range [C:/Users/39551/Desktop/Stochastic_Computing/Quicksort/Quicksort.srcs/sources_1/new/Quicksort.v:25]
WARNING: [Synth 8-324] index -81 out of range [C:/Users/39551/Desktop/Stochastic_Computing/Quicksort/Quicksort.srcs/sources_1/new/Quicksort.v:25]
WARNING: [Synth 8-324] index -82 out of range [C:/Users/39551/Desktop/Stochastic_Computing/Quicksort/Quicksort.srcs/sources_1/new/Quicksort.v:25]
WARNING: [Synth 8-324] index -83 out of range [C:/Users/39551/Desktop/Stochastic_Computing/Quicksort/Quicksort.srcs/sources_1/new/Quicksort.v:25]
WARNING: [Synth 8-324] index -84 out of range [C:/Users/39551/Desktop/Stochastic_Computing/Quicksort/Quicksort.srcs/sources_1/new/Quicksort.v:25]
WARNING: [Synth 8-324] index -85 out of range [C:/Users/39551/Desktop/Stochastic_Computing/Quicksort/Quicksort.srcs/sources_1/new/Quicksort.v:25]
WARNING: [Synth 8-324] index -86 out of range [C:/Users/39551/Desktop/Stochastic_Computing/Quicksort/Quicksort.srcs/sources_1/new/Quicksort.v:25]
WARNING: [Synth 8-324] index -87 out of range [C:/Users/39551/Desktop/Stochastic_Computing/Quicksort/Quicksort.srcs/sources_1/new/Quicksort.v:25]
WARNING: [Synth 8-324] index -88 out of range [C:/Users/39551/Desktop/Stochastic_Computing/Quicksort/Quicksort.srcs/sources_1/new/Quicksort.v:25]
WARNING: [Synth 8-324] index -89 out of range [C:/Users/39551/Desktop/Stochastic_Computing/Quicksort/Quicksort.srcs/sources_1/new/Quicksort.v:25]
WARNING: [Synth 8-324] index -90 out of range [C:/Users/39551/Desktop/Stochastic_Computing/Quicksort/Quicksort.srcs/sources_1/new/Quicksort.v:25]
WARNING: [Synth 8-324] index -91 out of range [C:/Users/39551/Desktop/Stochastic_Computing/Quicksort/Quicksort.srcs/sources_1/new/Quicksort.v:25]
WARNING: [Synth 8-324] index -92 out of range [C:/Users/39551/Desktop/Stochastic_Computing/Quicksort/Quicksort.srcs/sources_1/new/Quicksort.v:25]
WARNING: [Synth 8-324] index -93 out of range [C:/Users/39551/Desktop/Stochastic_Computing/Quicksort/Quicksort.srcs/sources_1/new/Quicksort.v:25]
WARNING: [Synth 8-324] index -94 out of range [C:/Users/39551/Desktop/Stochastic_Computing/Quicksort/Quicksort.srcs/sources_1/new/Quicksort.v:25]
WARNING: [Synth 8-324] index -95 out of range [C:/Users/39551/Desktop/Stochastic_Computing/Quicksort/Quicksort.srcs/sources_1/new/Quicksort.v:25]
WARNING: [Synth 8-324] index -96 out of range [C:/Users/39551/Desktop/Stochastic_Computing/Quicksort/Quicksort.srcs/sources_1/new/Quicksort.v:25]
WARNING: [Synth 8-324] index -97 out of range [C:/Users/39551/Desktop/Stochastic_Computing/Quicksort/Quicksort.srcs/sources_1/new/Quicksort.v:25]
WARNING: [Synth 8-324] index -98 out of range [C:/Users/39551/Desktop/Stochastic_Computing/Quicksort/Quicksort.srcs/sources_1/new/Quicksort.v:25]
WARNING: [Synth 8-324] index -99 out of range [C:/Users/39551/Desktop/Stochastic_Computing/Quicksort/Quicksort.srcs/sources_1/new/Quicksort.v:25]
WARNING: [Synth 8-324] index -100 out of range [C:/Users/39551/Desktop/Stochastic_Computing/Quicksort/Quicksort.srcs/sources_1/new/Quicksort.v:25]
INFO: [Common 17-14] Message 'Synth 8-324' appears 100 times and further instances of the messages will be disabled. Use the Tcl command set_msg_config to change the current settings.
ERROR: [Synth 8-3380] loop condition does not converge after 2000 iterations [C:/Users/39551/Desktop/Stochastic_Computing/Quicksort/Quicksort.srcs/sources_1/new/Quicksort.v:25]
ERROR: [Synth 8-6156] failed synthesizing module 'Quicksort' [C:/Users/39551/Desktop/Stochastic_Computing/Quicksort/Quicksort.srcs/sources_1/new/Quicksort.v:3]
---------------------------------------------------------------------------------
Finished Synthesize : Time (s): cpu = 00:00:21 ; elapsed = 00:00:30 . Memory (MB): peak = 3707.617 ; gain = 3212.742
---------------------------------------------------------------------------------
synthesize failed
INFO: [Common 17-83] Releasing license: Synthesis
7 Infos, 100 Warnings, 0 Critical Warnings and 3 Errors encountered.
synth_design failed
ERROR: [Common 17-69] Command failed: Vivado Synthesis failed
INFO: [Common 17-206] Exiting Vivado at Thu Nov 21 20:53:48 2024...
